<?xml version="1.0" encoding="UTF-8"?>
<!-- Generated by org.testng.reporters.JUnitReportReporter -->
<testsuite skipped="0" hostname="SUBHASIS-PC" name="dataprovider.DataProviderTest" tests="3" failures="0" timestamp="2019-09-20T13:25:04 IST" time="0.014" errors="0">
  <testcase name="dataTest" time="0.001" classname="dataprovider.DataProviderTest"/>
  <testcase name="dataTest" time="0.010" classname="dataprovider.DataProviderTest"/>
  <testcase name="dataTest" time="0.003" classname="dataprovider.DataProviderTest"/>
</testsuite> <!-- dataprovider.DataProviderTest -->
